\BOOKMARK [0][-]{title.0}{\376\377\000T\000i\000t\000l\000e\000\040\000p\000a\000g\000e}{}% 1
\BOOKMARK [0][-]{abstract.0}{\376\377\000A\000b\000s\000t\000r\000a\000c\000t}{}% 2
\BOOKMARK [0][-]{Contents.0}{\376\377\000C\000o\000n\000t\000e\000n\000t\000s}{}% 3
\BOOKMARK [0][-]{section*.4}{\376\377\000L\000i\000s\000t\000\040\000o\000f\000\040\000F\000i\000g\000u\000r\000e\000s}{}% 4
\BOOKMARK [0][-]{section*.6}{\376\377\000L\000i\000s\000t\000\040\000o\000f\000\040\000T\000a\000b\000l\000e\000s}{}% 5
\BOOKMARK [0][-]{chapter*.8}{\376\377\000A\000c\000k\000n\000o\000w\000l\000e\000d\000g\000e\000m\000e\000n\000t\000s}{}% 6
\BOOKMARK [0][-]{chapter.1}{\376\377\000I\000n\000t\000r\000o\000d\000u\000c\000t\000i\000o\000n}{}% 7
\BOOKMARK [0][-]{chapter.2}{\376\377\000M\000a\000c\000h\000i\000n\000e\000\040\000L\000e\000a\000r\000n\000i\000n\000g\000\040\000u\000s\000e\000d\000\040\000i\000n\000\040\000M\000u\000s\000i\000c\000\040\000R\000e\000c\000o\000m\000m\000e\000n\000d\000a\000t\000i\000o\000n\000\040\000S\000y\000s\000t\000e\000m\000s}{}% 8
\BOOKMARK [1][-]{section.2.1}{\376\377\000T\000h\000e\000\040\000n\000e\000e\000d\000\040\000f\000o\000r\000\040\000m\000u\000s\000i\000c\000\040\000r\000e\000c\000o\000m\000m\000e\000n\000d\000a\000t\000i\000o\000n\000\040\000s\000y\000s\000t\000e\000m\000s}{chapter.2}% 9
\BOOKMARK [1][-]{section.2.2}{\376\377\000C\000o\000l\000l\000a\000b\000o\000r\000a\000t\000i\000v\000e\000\040\000F\000i\000l\000t\000e\000r\000i\000n\000g}{chapter.2}% 10
\BOOKMARK [2][-]{subsection.2.2.1}{\376\377\000E\000x\000p\000l\000i\000c\000i\000t\000\040\000F\000e\000e\000d\000b\000a\000c\000k}{section.2.2}% 11
\BOOKMARK [2][-]{subsection.2.2.2}{\376\377\000I\000m\000p\000l\000i\000c\000i\000t\000\040\000F\000e\000e\000d\000b\000a\000c\000k}{section.2.2}% 12
\BOOKMARK [2][-]{subsection.2.2.3}{\376\377\000I\000t\000e\000m\000\040\000B\000a\000s\000e\000d}{section.2.2}% 13
\BOOKMARK [2][-]{subsection.2.2.4}{\376\377\000U\000s\000e\000r\000\040\000B\000a\000s\000e\000d}{section.2.2}% 14
\BOOKMARK [2][-]{subsection.2.2.5}{\376\377\000M\000a\000t\000r\000i\000x\000\040\000F\000a\000c\000t\000o\000r\000i\000s\000a\000t\000i\000o\000n}{section.2.2}% 15
\BOOKMARK [1][-]{section.2.3}{\376\377\000C\000o\000n\000t\000e\000n\000t\000\040\000B\000a\000s\000e\000d\000\040\000F\000i\000l\000t\000e\000r\000i\000n\000g}{chapter.2}% 16
\BOOKMARK [1][-]{section.2.4}{\376\377\000C\000l\000u\000s\000t\000e\000r\000i\000n\000g}{chapter.2}% 17
\BOOKMARK [1][-]{section.2.5}{\376\377\000C\000o\000n\000v\000o\000l\000u\000t\000e\000d\000\040\000N\000e\000t\000w\000o\000r\000k\000s}{chapter.2}% 18
\BOOKMARK [0][-]{chapter.3}{\376\377\000M\000a\000c\000h\000i\000n\000e\000\040\000L\000e\000a\000r\000n\000i\000n\000g\000\040\000u\000s\000e\000d\000\040\000f\000o\000r\000\040\000D\000J\000i\000n\000g}{}% 19
\BOOKMARK [1][-]{section.3.1}{\376\377\000S\000o\000u\000r\000c\000e\000\040\000S\000e\000p\000a\000r\000a\000t\000i\000o\000n}{chapter.3}% 20
\BOOKMARK [1][-]{section.3.2}{\376\377\000B\000P\000M\000,\000\040\000k\000e\000y\000,\000\040\000g\000e\000n\000r\000e\000\040\000c\000l\000a\000s\000s\000i\000f\000i\000c\000a\000t\000i\000o\000n}{chapter.3}% 21
\BOOKMARK [1][-]{section.3.3}{\376\377\000B\000e\000a\000t\000\040\000T\000r\000a\000c\000k\000i\000n\000g}{chapter.3}% 22
\BOOKMARK [0][-]{chapter.4}{\376\377\000H\000y\000p\000o\000t\000h\000e\000s\000i\000s}{}% 23
\BOOKMARK [0][-]{chapter.5}{\376\377\000E\000x\000p\000e\000r\000i\000m\000e\000n\000t}{}% 24
\BOOKMARK [1][-]{subsection.5.0.1}{\376\377\000R\000-\000P\000r\000e\000c\000i\000s\000i\000o\000n}{chapter.5}% 25
\BOOKMARK [2][-]{subsection.5.0.2}{\376\377\000R\000e\000c\000o\000m\000m\000e\000n\000d\000e\000d\000\040\000S\000o\000n\000g\000\040\000C\000l\000i\000c\000k\000s}{subsection.5.0.1}% 26
\BOOKMARK [2][-]{subsection.5.0.3}{\376\377\000S\000p\000o\000t\000i\000f\000y\000\040\000F\000e\000a\000t\000u\000r\000e\000s}{subsection.5.0.1}% 27
\BOOKMARK [0][-]{chapter.6}{\376\377\000R\000e\000s\000u\000l\000t\000s\000\040\000a\000n\000d\000\040\000D\000i\000s\000c\000u\000s\000s\000i\000o\000n}{}% 28
\BOOKMARK [0][-]{chapter.7}{\376\377\000F\000u\000r\000t\000h\000e\000r\000\040\000W\000o\000r\000k}{}% 29
\BOOKMARK [0][-]{chapter.8}{\376\377\000C\000o\000n\000c\000l\000u\000s\000i\000o\000n\000s}{}% 30
\BOOKMARK [0][-]{section*.18}{\376\377\000R\000e\000f\000e\000r\000e\000n\000c\000e\000s}{}% 31
